<?xml version="1.0" encoding="UTF-8" ?>
<testsuite tests="1" failures="0" name="com.hpe.cache.dymaniccache.TestDynamic" time="0.361" errors="0" skipped="0">
  <properties>
    <property name="java.vendor" value="Oracle Corporation"/>
    <property name="JOB_NAME" value="Cache_Framework_Testing"/>
    <property name="PWD" value="/home/jenkins/node15"/>
    <property name="sun.java.launcher" value="SUN_STANDARD"/>
    <property name="sun.management.compiler" value="HotSpot 64-Bit Tiered Compilers"/>
    <property name="JENKINS_HOME" value="/home/jenkins/.jenkins"/>
    <property name="PATH" value="/opt/jdk1.8.0_77/bin:/usr/local/bin:/usr/bin"/>
    <property name="HUDSON_SERVER_COOKIE" value="85bdaef21038ffa8"/>
    <property name="POM_ARTIFACTID" value="cacheImplement"/>
    <property name="os.name" value="Linux"/>
    <property name="sun.boot.class.path" value="/opt/jdk1.8.0_77/jre/lib/resources.jar:/opt/jdk1.8.0_77/jre/lib/rt.jar:/opt/jdk1.8.0_77/jre/lib/sunrsasign.jar:/opt/jdk1.8.0_77/jre/lib/jsse.jar:/opt/jdk1.8.0_77/jre/lib/jce.jar:/opt/jdk1.8.0_77/jre/lib/charsets.jar:/opt/jdk1.8.0_77/jre/lib/jfr.jar:/opt/jdk1.8.0_77/jre/classes"/>
    <property name="EXECUTOR_NUMBER" value="0"/>
    <property name="java.vm.specification.vendor" value="Oracle Corporation"/>
    <property name="POM_DISPLAYNAME" value="cacheImplement"/>
    <property name="net.sourceforge.cobertura.datafile" value="/home/jenkins/node15/workspace/Cache_Framework_Testing/target/cobertura/cobertura.ser"/>
    <property name="XDG_RUNTIME_DIR" value="/run/user/1001"/>
    <property name="NODE_LABELS" value="Node15 node15"/>
    <property name="java.runtime.version" value="1.8.0_77-b03"/>
    <property name="GIT_COMMITTER_EMAIL" value="piyush.sadseliya@hpe.com"/>
    <property name="user.name" value="jenkins"/>
    <property name="SSH_CONNECTION" value="192.168.70.9 52464 192.168.70.15 22"/>
    <property name="guice.disable.misplaced.annotation.check" value="true"/>
    <property name="SSH_CLIENT" value="192.168.70.9 52464 22"/>
    <property name="cobertura.report.format" value="xml"/>
    <property name="extractor.used" value="true"/>
    <property name="user.language" value="en"/>
    <property name="BUILD_DISPLAY_NAME" value="#20"/>
    <property name="sun.boot.library.path" value="/opt/jdk1.8.0_77/jre/lib/amd64"/>
    <property name="GIT_PREVIOUS_SUCCESSFUL_COMMIT" value="25762b068b978f8a6306b78c82911df24b78d5cc"/>
    <property name="java.version" value="1.8.0_77"/>
    <property name="user.timezone" value="Asia/Kolkata"/>
    <property name="SELINUX_ROLE_REQUESTED" value=""/>
    <property name="GIT_AUTHOR_NAME" value="PiyushSadseliya"/>
    <property name="sun.arch.data.model" value="64"/>
    <property name="NODE_NAME" value="Node15"/>
    <property name="NLSPATH" value="/usr/dt/lib/nls/msg/%L/%N.cat"/>
    <property name="RELEASE_SCM_BRANCH" value="REL-BRANCH-cacheImplement-2.6"/>
    <property name="java.endorsed.dirs" value="/opt/jdk1.8.0_77/jre/lib/endorsed"/>
    <property name="BUILD_ID" value="20"/>
    <property name="sun.cpu.isalist" value=""/>
    <property name="sun.jnu.encoding" value="UTF-8"/>
    <property name="file.encoding.pkg" value="sun.io"/>
    <property name="SHELL" value="/bin/bash"/>
    <property name="file.separator" value="/"/>
    <property name="java.specification.name" value="Java Platform API Specification"/>
    <property name="java.class.version" value="52.0"/>
    <property name="org.slf4j.simpleLogger.defaultLogLevel" value="info"/>
    <property name="user.country" value="US"/>
    <property name="securerandom.source" value="file:/dev/./urandom"/>
    <property name="java.home" value="/opt/jdk1.8.0_77/jre"/>
    <property name="java.vm.info" value="mixed mode"/>
    <property name="LESSOPEN" value="||/usr/bin/lesspipe.sh %s"/>
    <property name="os.version" value="3.10.0-327.el7.x86_64"/>
    <property name="POM_VERSION" value="2.6-SNAPSHOT"/>
    <property name="sun.font.fontmanager" value="sun.awt.X11FontManager"/>
    <property name="path.separator" value=":"/>
    <property name="java.vm.version" value="25.77-b03"/>
    <property name="GIT_PREVIOUS_COMMIT" value="25762b068b978f8a6306b78c82911df24b78d5cc"/>
    <property name="SHLVL" value="1"/>
    <property name="SELINUX_USE_CURRENT_RANGE" value=""/>
    <property name="_" value="/usr/bin/java"/>
    <property name="java.awt.printerjob" value="sun.print.PSPrinterJob"/>
    <property name="JAVA_HOME" value="/opt/jdk1.8.0_77"/>
    <property name="sun.io.unicode.encoding" value="UnicodeLittle"/>
    <property name="awt.toolkit" value="sun.awt.X11.XToolkit"/>
    <property name="LOGNAME" value="jenkins"/>
    <property name="POM_PACKAGING" value="war"/>
    <property name="HOME" value="/home/jenkins"/>
    <property name="POM_GROUPID" value="com.hpe.cache"/>
    <property name="project.build.outputDirectory" value="/home/jenkins/node15/workspace/Cache_Framework_Testing/target/generated-classes/cobertura"/>
    <property name="GIT_COMMITTER_NAME" value="PiyushSadseliya"/>
    <property name="user.home" value="/home/jenkins"/>
    <property name="BUILD_TAG" value="jenkins-Cache_Framework_Testing-20"/>
    <property name="JENKINS_SERVER_COOKIE" value="85bdaef21038ffa8"/>
    <property name="HUDSON_URL" value="http://16.184.40.8/jenkins/"/>
    <property name="java.specification.vendor" value="Oracle Corporation"/>
    <property name="XDG_SESSION_ID" value="2892"/>
    <property name="CLASSPATH" value=""/>
    <property name="java.vendor.url" value="http://java.oracle.com/"/>
    <property name="java.library.path" value="/usr/java/packages/lib/amd64:/usr/lib64:/lib64:/lib:/usr/lib"/>
    <property name="java.vm.vendor" value="Oracle Corporation"/>
    <property name="SELINUX_LEVEL_REQUESTED" value=""/>
    <property name="java.runtime.name" value="Java(TM) SE Runtime Environment"/>
    <property name="maven.home" value="/opt/apache-maven-3.3.9"/>
    <property name="java.class.path" value="/home/jenkins/node15/maven31-agent.jar:/opt/apache-maven-3.3.9/boot/plexus-classworlds-2.5.2.jar:/opt/apache-maven-3.3.9/conf/logging"/>
    <property name="sun.java.command" value="jenkins.maven3.agent.Maven31Main /opt/apache-maven-3.3.9 /home/jenkins/node15/slave.jar /home/jenkins/node15/maven31-interceptor.jar /home/jenkins/node15/maven3-interceptor-commons.jar 58174"/>
    <property name="java.vm.specification.name" value="Java Virtual Machine Specification"/>
    <property name="PATH+JDK" value="/opt/jdk1.8.0_77/bin"/>
    <property name="java.vm.specification.version" value="1.8"/>
    <property name="sun.os.patch.level" value="unknown"/>
    <property name="sun.cpu.endian" value="little"/>
    <property name="M2_HOME" value="/opt/apache-maven-3.3.9"/>
    <property name="MAIL" value="/var/mail/jenkins"/>
    <property name="java.io.tmpdir" value="/tmp"/>
    <property name="HUDSON_HOME" value="/home/jenkins/.jenkins"/>
    <property name="PATH+MAVEN" value="/opt/apache-maven-3.3.9/bin"/>
    <property name="BUILD_URL" value="http://16.184.40.8/jenkins/job/Cache_Framework_Testing/20/"/>
    <property name="java.vendor.url.bug" value="http://bugreport.sun.com/bugreport/"/>
    <property name="OLDPWD" value="/home/jenkins"/>
    <property name="buildInfoConfig.propertiesFile" value="/tmp/buildInfo6725794198550691825.properties"/>
    <property name="java.awt.graphicsenv" value="sun.awt.X11GraphicsEnvironment"/>
    <property name="os.arch" value="amd64"/>
    <property name="java.ext.dirs" value="/opt/jdk1.8.0_77/jre/lib/ext:/usr/java/packages/lib/ext"/>
    <property name="user.dir" value="/home/jenkins/node15/workspace/Cache_Framework_Testing"/>
    <property name="JOB_URL" value="http://16.184.40.8/jenkins/job/Cache_Framework_Testing/"/>
    <property name="line.separator" value="
"/>
    <property name="MAVEN_HOME" value="/opt/apache-maven-3.3.9"/>
    <property name="java.vm.name" value="Java HotSpot(TM) 64-Bit Server VM"/>
    <property name="BUILD_NUMBER" value="20"/>
    <property name="JENKINS_URL" value="http://16.184.40.8/jenkins/"/>
    <property name="GIT_BRANCH" value="origin/Testing"/>
    <property name="GIT_COMMIT" value="25762b068b978f8a6306b78c82911df24b78d5cc"/>
    <property name="RELEASE_SCM_TAG" value="cacheImplement-2.6"/>
    <property name="file.encoding" value="UTF-8"/>
    <property name="LANG" value="en_US.UTF-8"/>
    <property name="maven3.interceptor" value="/home/jenkins/node15/maven31-interceptor.jar"/>
    <property name="WORKSPACE" value="/home/jenkins/node15/workspace/Cache_Framework_Testing"/>
    <property name="maven3.interceptor.common" value="/home/jenkins/node15/maven3-interceptor-commons.jar"/>
    <property name="GIT_AUTHOR_EMAIL" value="piyush.sadseliya@hpe.com"/>
    <property name="java.specification.version" value="1.8"/>
    <property name="USER" value="jenkins"/>
    <property name="GIT_URL" value="https://github.com/PiyushSadseliya/CacheFramework.git"/>
    <property name="XFILESEARCHPATH" value="/usr/dt/app-defaults/%L/Dt"/>
  </properties>
  <testcase classname="com.hpe.cache.dymaniccache.TestDynamic" name="test" time="0.361"/>
</testsuite>