<?xml version="1.0" encoding="UTF-8" ?>
<testsuite failures="0" time="0.007" errors="0" skipped="0" tests="1" name="com.hpe.cache.dymaniccache.TestDynamic">
  <properties>
    <property name="java.vendor" value="Oracle Corporation"/>
    <property name="JOB_NAME" value="CacheFramework"/>
    <property name="PWD" value="/home/jenkins"/>
    <property name="sun.java.launcher" value="SUN_STANDARD"/>
    <property name="sun.management.compiler" value="HotSpot 64-Bit Tiered Compilers"/>
    <property name="JENKINS_HOME" value="/home/jenkins/.jenkins"/>
    <property name="PATH" value="/usr/java/jdk1.7.0_67//bin:/usr/local/bin:/bin:/usr/bin:/usr/local/sbin:/usr/sbin:/home/jenkins/.local/bin:/home/jenkins/bin"/>
    <property name="HUDSON_SERVER_COOKIE" value="8745783d806c6dd6"/>
    <property name="POM_ARTIFACTID" value="cacheImplement"/>
    <property name="os.name" value="Linux"/>
    <property name="sun.boot.class.path" value="/usr/java/jdk1.7.0_67/jre/lib/resources.jar:/usr/java/jdk1.7.0_67/jre/lib/rt.jar:/usr/java/jdk1.7.0_67/jre/lib/sunrsasign.jar:/usr/java/jdk1.7.0_67/jre/lib/jsse.jar:/usr/java/jdk1.7.0_67/jre/lib/jce.jar:/usr/java/jdk1.7.0_67/jre/lib/charsets.jar:/usr/java/jdk1.7.0_67/jre/lib/jfr.jar:/usr/java/jdk1.7.0_67/jre/classes"/>
    <property name="EXECUTOR_NUMBER" value="1"/>
    <property name="java.vm.specification.vendor" value="Oracle Corporation"/>
    <property name="POM_DISPLAYNAME" value="cacheImplement"/>
    <property name="XDG_RUNTIME_DIR" value="/run/user/501"/>
    <property name="NODE_LABELS" value="master node10"/>
    <property name="java.runtime.version" value="1.7.0_67-b01"/>
    <property name="GIT_COMMITTER_EMAIL" value="faizan2131993@gmail.com"/>
    <property name="user.name" value="jenkins"/>
    <property name="HISTCONTROL" value="ignoredups"/>
    <property name="guice.disable.misplaced.annotation.check" value="true"/>
    <property name="extractor.used" value="true"/>
    <property name="user.language" value="en"/>
    <property name="BUILD_DISPLAY_NAME" value="#34"/>
    <property name="sun.boot.library.path" value="/usr/java/jdk1.7.0_67/jre/lib/amd64"/>
    <property name="GIT_PREVIOUS_SUCCESSFUL_COMMIT" value="bc012e2283d27ea1b68180ccb2d548526acfa4bb"/>
    <property name="java.version" value="1.7.0_67"/>
    <property name="user.timezone" value="America/Los_Angeles"/>
    <property name="GIT_AUTHOR_NAME" value="faizan"/>
    <property name="sun.arch.data.model" value="64"/>
    <property name="NODE_NAME" value="master"/>
    <property name="NLSPATH" value="/usr/dt/lib/nls/msg/%L/%N.cat"/>
    <property name="java.endorsed.dirs" value="/usr/java/jdk1.7.0_67/jre/lib/endorsed"/>
    <property name="BUILD_ID" value="34"/>
    <property name="sun.cpu.isalist" value=""/>
    <property name="sun.jnu.encoding" value="UTF-8"/>
    <property name="file.encoding.pkg" value="sun.io"/>
    <property name="SHELL" value="/bin/bash"/>
    <property name="file.separator" value="/"/>
    <property name="java.specification.name" value="Java Platform API Specification"/>
    <property name="java.class.version" value="51.0"/>
    <property name="org.slf4j.simpleLogger.defaultLogLevel" value="info"/>
    <property name="user.country" value="US"/>
    <property name="securerandom.source" value="file:/dev/./urandom"/>
    <property name="java.home" value="/usr/java/jdk1.7.0_67/jre"/>
    <property name="java.vm.info" value="mixed mode"/>
    <property name="LESSOPEN" value="||/usr/bin/lesspipe.sh %s"/>
    <property name="os.version" value="3.10.0-327.10.1.el7.x86_64"/>
    <property name="POM_VERSION" value="1.0-SNAPSHOT"/>
    <property name="sun.font.fontmanager" value="sun.awt.X11FontManager"/>
    <property name="path.separator" value=":"/>
    <property name="java.vm.version" value="24.65-b04"/>
    <property name="GIT_PREVIOUS_COMMIT" value="bc012e2283d27ea1b68180ccb2d548526acfa4bb"/>
    <property name="SHLVL" value="2"/>
    <property name="_" value="/bin/nohup"/>
    <property name="java.awt.printerjob" value="sun.print.PSPrinterJob"/>
    <property name="JAVA_HOME" value="/usr/java/jdk1.7.0_67/"/>
    <property name="sun.io.unicode.encoding" value="UnicodeLittle"/>
    <property name="awt.toolkit" value="sun.awt.X11.XToolkit"/>
    <property name="LOGNAME" value="jenkins"/>
    <property name="POM_PACKAGING" value="war"/>
    <property name="HOME" value="/home/jenkins"/>
    <property name="POM_GROUPID" value="com.hpe.cache"/>
    <property name="user.home" value="/home/jenkins"/>
    <property name="GIT_COMMITTER_NAME" value="faizan"/>
    <property name="BUILD_TAG" value="jenkins-CacheFramework-34"/>
    <property name="JENKINS_SERVER_COOKIE" value="8745783d806c6dd6"/>
    <property name="HUDSON_URL" value="http://16.184.40.10:8080/"/>
    <property name="java.specification.vendor" value="Oracle Corporation"/>
    <property name="XDG_SESSION_ID" value="c2"/>
    <property name="CLASSPATH" value=""/>
    <property name="java.vendor.url" value="http://java.oracle.com/"/>
    <property name="java.library.path" value="/usr/java/packages/lib/amd64:/usr/lib64:/lib64:/lib:/usr/lib"/>
    <property name="java.vm.vendor" value="Oracle Corporation"/>
    <property name="HISTSIZE" value="1000"/>
    <property name="java.runtime.name" value="Java(TM) SE Runtime Environment"/>
    <property name="maven.home" value="/opt/software/apache-maven-3.3.9"/>
    <property name="java.class.path" value="/home/jenkins/.jenkins/plugins/maven-plugin/WEB-INF/lib/maven31-agent-1.5.jar:/opt/software/apache-maven-3.3.9/boot/plexus-classworlds-2.5.2.jar:/opt/software/apache-maven-3.3.9/conf/logging"/>
    <property name="sun.java.command" value="jenkins.maven3.agent.Maven31Main /opt/software/apache-maven-3.3.9/ /home/jenkins/.jenkins/war/WEB-INF/lib/remoting-2.53.3.jar /home/jenkins/.jenkins/plugins/maven-plugin/WEB-INF/lib/maven31-interceptor-1.5.jar /home/jenkins/.jenkins/plugins/maven-plugin/WEB-INF/lib/maven3-interceptor-commons-1.5.jar 59256"/>
    <property name="java.vm.specification.name" value="Java Virtual Machine Specification"/>
    <property name="PATH+JDK" value="/usr/java/jdk1.7.0_67//bin"/>
    <property name="java.vm.specification.version" value="1.7"/>
    <property name="sun.os.patch.level" value="unknown"/>
    <property name="sun.cpu.endian" value="little"/>
    <property name="M2_HOME" value="/opt/software/apache-maven-3.3.9/"/>
    <property name="MAIL" value="/var/spool/mail/jenkins"/>
    <property name="java.io.tmpdir" value="/tmp"/>
    <property name="HOSTNAME" value="mca9.psgdc.cloud"/>
    <property name="HUDSON_HOME" value="/home/jenkins/.jenkins"/>
    <property name="PATH+MAVEN" value="/opt/software/apache-maven-3.3.9//bin"/>
    <property name="BUILD_URL" value="http://16.184.40.10:8080/job/CacheFramework/34/"/>
    <property name="java.vendor.url.bug" value="http://bugreport.sun.com/bugreport/"/>
    <property name="buildInfoConfig.propertiesFile" value="/tmp/buildInfo6992886727599213618.properties"/>
    <property name="java.awt.graphicsenv" value="sun.awt.X11GraphicsEnvironment"/>
    <property name="os.arch" value="amd64"/>
    <property name="java.ext.dirs" value="/usr/java/jdk1.7.0_67/jre/lib/ext:/usr/java/packages/lib/ext"/>
    <property name="user.dir" value="/home/jenkins/.jenkins/jobs/CacheFramework/workspace"/>
    <property name="JOB_URL" value="http://16.184.40.10:8080/job/CacheFramework/"/>
    <property name="line.separator" value="
"/>
    <property name="MAVEN_HOME" value="/opt/software/apache-maven-3.3.9/"/>
    <property name="java.vm.name" value="Java HotSpot(TM) 64-Bit Server VM"/>
    <property name="BUILD_NUMBER" value="34"/>
    <property name="JENKINS_URL" value="http://16.184.40.10:8080/"/>
    <property name="GIT_BRANCH" value="origin/Development"/>
    <property name="GIT_COMMIT" value="bc012e2283d27ea1b68180ccb2d548526acfa4bb"/>
    <property name="file.encoding" value="UTF-8"/>
    <property name="LANG" value="en_US.UTF-8"/>
    <property name="maven3.interceptor" value="/home/jenkins/.jenkins/plugins/maven-plugin/WEB-INF/lib/maven31-interceptor-1.5.jar"/>
    <property name="WORKSPACE" value="/home/jenkins/.jenkins/jobs/CacheFramework/workspace"/>
    <property name="maven3.interceptor.common" value="/home/jenkins/.jenkins/plugins/maven-plugin/WEB-INF/lib/maven3-interceptor-commons-1.5.jar"/>
    <property name="GIT_AUTHOR_EMAIL" value="faizan2131993@gmail.com"/>
    <property name="java.specification.version" value="1.7"/>
    <property name="USER" value="jenkins"/>
    <property name="GIT_URL" value="https://github.com/PiyushSadseliya/cacheFramework.git"/>
    <property name="XFILESEARCHPATH" value="/usr/dt/app-defaults/%L/Dt"/>
  </properties>
  <testcase time="0.007" classname="com.hpe.cache.dymaniccache.TestDynamic" name="test"/>
</testsuite>